2026-07-10 05:13:53 Startup!
2026-07-10 05:17:30 task_alpha[2995] 5
2026-07-10 05:17:35 task_alpha[3004] 9
2026-07-10 05:23:01 task_alpha[4264] 7
2026-07-10 05:23:01 task_beta[4872] 6
2026-07-10 05:23:02 task_gamma[5493] 9
2026-07-10 05:24:01 task_alpha[6704] 3
2026-07-10 05:24:01 task_beta[7315] 4
2026-07-10 05:24:01 task_gamma[7936] 10
2026-07-10 05:25:01 task_alpha[9157] 2
2026-07-10 05:25:02 task_beta[9773] 9
2026-07-10 05:25:02 task_gamma[10399] 7
2026-07-10 05:26:01 task_alpha[11694] 8
2026-07-10 05:26:01 task_beta[12315] 10
2026-07-10 05:26:01 task_gamma[12941] 7
2026-07-10 05:27:02 task_alpha[14158] 6
2026-07-10 05:27:02 task_beta[14769] 8
2026-07-10 05:27:02 task_gamma[15390] 5
2026-07-10 05:28:01 task_alpha[16676] 4
2026-07-10 05:28:01 task_beta[17317] 4
2026-07-10 05:28:02 task_gamma[17968] 3
2026-07-10 05:30:00 Shutdown!
